# JRE version: OpenJDK Runtime Environment Temurin-21.0.9+10 (21.0.9+10) (build 21.0.9+10-LTS)
# Java VM: OpenJDK 64-Bit Server VM Temurin-21.0.9+10 (21.0.9+10-LTS, mixed mode, sharing, tiered, compressed oops, compressed class ptrs, parallel gc, windows-amd64)
GC Precious Log:
 CardTable entry size: 512
 CPUs: 8 total, 8 available
 Memory: 8051M
 Large Page Support: Disabled
 NUMA Support: Disabled
 Compressed Oops: Enabled (32-bit)
 Alignments: Space 512K, Generation 512K, Heap 2M
 Heap Min Capacity: 100M
 Heap Initial Capacity: 100M
 Heap Max Capacity: 2G
 Pre-touch: Disabled
 Parallel Workers: 8
Heap:
 PSYoungGen      total 14848K, used 7235K [0x00000000d5580000, 0x00000000d6e80000, 0x0000000100000000)
  eden space 14336K, 48% used [0x00000000d5580000,0x00000000d5c58c58,0x00000000d6380000)
  from space 512K, 43% used [0x00000000d6d80000,0x00000000d6db8000,0x00000000d6e00000)
  to   space 512K, 0% used [0x00000000d6e00000,0x00000000d6e00000,0x00000000d6e80000)
 ParOldGen       total 1267200K, used 1266703K [0x0000000080000000, 0x00000000cd580000, 0x00000000d5580000)
  object space 1267200K, 99% used [0x0000000080000000,0x00000000cd503e70,0x00000000cd580000)
 Metaspace       used 114637K, committed 116544K, reserved 1179648K
  class space    used 11224K, committed 12160K, reserved 1048576K
GC Heap History (20 events):
Event: 895321.642 GC heap before
{Heap before GC invocations=21970 (full 31):
 PSYoungGen      total 14848K, used 14368K [0x00000000d5580000, 0x00000000d6e80000, 0x0000000100000000)
  eden space 14336K, 100% used [0x00000000d5580000,0x00000000d6380000,0x00000000d6380000)
  from space 512K, 6% used [0x00000000d6d80000,0x00000000d6d88000,0x00000000d6e00000)
  to   space 512K, 0% used [0x00000000d6e00000,0x00000000d6e00000,0x00000000d6e80000)
 ParOldGen       total 1266688K, used 1266467K [0x0000000080000000, 0x00000000cd500000, 0x00000000d5580000)
  object space 1266688K, 99% used [0x0000000080000000,0x00000000cd4c8ea0,0x00000000cd500000)
 Metaspace       used 114637K, committed 116544K, reserved 1179648K
  class space    used 11224K, committed 12160K, reserved 1048576K
}
Event: 895321.650 GC heap after
{Heap after GC invocations=21970 (full 31):
 PSYoungGen      total 14848K, used 0K [0x00000000d5580000, 0x00000000d6e80000, 0x0000000100000000)
  eden space 14336K, 0% used [0x00000000d5580000,0x00000000d5580000,0x00000000d6380000)
  from space 512K, 0% used [0x00000000d6e00000,0x00000000d6e00000,0x00000000d6e80000)
  to   space 512K, 0% used [0x00000000d6d80000,0x00000000d6d80000,0x00000000d6e00000)
 ParOldGen       total 1266688K, used 1266467K [0x0000000080000000, 0x00000000cd500000, 0x00000000d5580000)
  object space 1266688K, 99% used [0x0000000080000000,0x00000000cd4c8ea0,0x00000000cd500000)
 Metaspace       used 114637K, committed 116544K, reserved 1179648K
  class space    used 11224K, committed 12160K, reserved 1048576K
}
Event: 895321.774 GC heap before
{Heap before GC invocations=21971 (full 31):
 PSYoungGen      total 14848K, used 14336K [0x00000000d5580000, 0x00000000d6e80000, 0x0000000100000000)
  eden space 14336K, 100% used [0x00000000d5580000,0x00000000d6380000,0x00000000d6380000)
  from space 512K, 0% used [0x00000000d6e00000,0x00000000d6e00000,0x00000000d6e80000)
  to   space 512K, 0% used [0x00000000d6d80000,0x00000000d6d80000,0x00000000d6e00000)
 ParOldGen       total 1266688K, used 1266467K [0x0000000080000000, 0x00000000cd500000, 0x00000000d5580000)
  object space 1266688K, 99% used [0x0000000080000000,0x00000000cd4c8ea0,0x00000000cd500000)
 Metaspace       used 114637K, committed 116544K, reserved 1179648K
  class space    used 11224K, committed 12160K, reserved 1048576K
}
Event: 895321.779 GC heap after
{Heap after GC invocations=21971 (full 31):
 PSYoungGen      total 14848K, used 32K [0x00000000d5580000, 0x00000000d6e80000, 0x0000000100000000)
  eden space 14336K, 0% used [0x00000000d5580000,0x00000000d5580000,0x00000000d6380000)
  from space 512K, 6% used [0x00000000d6d80000,0x00000000d6d88000,0x00000000d6e00000)
  to   space 512K, 0% used [0x00000000d6e00000,0x00000000d6e00000,0x00000000d6e80000)
 ParOldGen       total 1266688K, used 1266467K [0x0000000080000000, 0x00000000cd500000, 0x00000000d5580000)
  object space 1266688K, 99% used [0x0000000080000000,0x00000000cd4c8ea0,0x00000000cd500000)
 Metaspace       used 114637K, committed 116544K, reserved 1179648K
  class space    used 11224K, committed 12160K, reserved 1048576K
}
Event: 895321.884 GC heap before
{Heap before GC invocations=21972 (full 31):
 PSYoungGen      total 14848K, used 14368K [0x00000000d5580000, 0x00000000d6e80000, 0x0000000100000000)
  eden space 14336K, 100% used [0x00000000d5580000,0x00000000d6380000,0x00000000d6380000)
  from space 512K, 6% used [0x00000000d6d80000,0x00000000d6d88000,0x00000000d6e00000)
  to   space 512K, 0% used [0x00000000d6e00000,0x00000000d6e00000,0x00000000d6e80000)
 ParOldGen       total 1266688K, used 1266467K [0x0000000080000000, 0x00000000cd500000, 0x00000000d5580000)
  object space 1266688K, 99% used [0x0000000080000000,0x00000000cd4c8ea0,0x00000000cd500000)
 Metaspace       used 114637K, committed 116544K, reserved 1179648K
  class space    used 11224K, committed 12160K, reserved 1048576K
}
Event: 895321.887 GC heap after
{Heap after GC invocations=21972 (full 31):
 PSYoungGen      total 14848K, used 32K [0x00000000d5580000, 0x00000000d6e80000, 0x0000000100000000)
  eden space 14336K, 0% used [0x00000000d5580000,0x00000000d5580000,0x00000000d6380000)
  from space 512K, 6% used [0x00000000d6e00000,0x00000000d6e08000,0x00000000d6e80000)
  to   space 512K, 0% used [0x00000000d6d80000,0x00000000d6d80000,0x00000000d6e00000)
 ParOldGen       total 1266688K, used 1266467K [0x0000000080000000, 0x00000000cd500000, 0x00000000d5580000)
  object space 1266688K, 99% used [0x0000000080000000,0x00000000cd4c8ea0,0x00000000cd500000)
 Metaspace       used 114637K, committed 116544K, reserved 1179648K
  class space    used 11224K, committed 12160K, reserved 1048576K
}
Event: 895321.962 GC heap before
{Heap before GC invocations=21973 (full 31):
 PSYoungGen      total 14848K, used 14368K [0x00000000d5580000, 0x00000000d6e80000, 0x0000000100000000)
  eden space 14336K, 100% used [0x00000000d5580000,0x00000000d6380000,0x00000000d6380000)
  from space 512K, 6% used [0x00000000d6e00000,0x00000000d6e08000,0x00000000d6e80000)
  to   space 512K, 0% used [0x00000000d6d80000,0x00000000d6d80000,0x00000000d6e00000)
 ParOldGen       total 1266688K, used 1266467K [0x0000000080000000, 0x00000000cd500000, 0x00000000d5580000)
  object space 1266688K, 99% used [0x0000000080000000,0x00000000cd4c8ea0,0x00000000cd500000)
 Metaspace       used 114637K, committed 116544K, reserved 1179648K
  class space    used 11224K, committed 12160K, reserved 1048576K
}
Event: 895321.967 GC heap after
{Heap after GC invocations=21973 (full 31):
 PSYoungGen      total 14848K, used 0K [0x00000000d5580000, 0x00000000d6e80000, 0x0000000100000000)
  eden space 14336K, 0% used [0x00000000d5580000,0x00000000d5580000,0x00000000d6380000)
  from space 512K, 0% used [0x00000000d6d80000,0x00000000d6d80000,0x00000000d6e00000)
  to   space 512K, 0% used [0x00000000d6e00000,0x00000000d6e00000,0x00000000d6e80000)
 ParOldGen       total 1266688K, used 1266467K [0x0000000080000000, 0x00000000cd500000, 0x00000000d5580000)
  object space 1266688K, 99% used [0x0000000080000000,0x00000000cd4c8ea0,0x00000000cd500000)
 Metaspace       used 114637K, committed 116544K, reserved 1179648K
  class space    used 11224K, committed 12160K, reserved 1048576K
}
Event: 966814.548 GC heap before
{Heap before GC invocations=21974 (full 31):
 PSYoungGen      total 14848K, used 14336K [0x00000000d5580000, 0x00000000d6e80000, 0x0000000100000000)
  eden space 14336K, 100% used [0x00000000d5580000,0x00000000d6380000,0x00000000d6380000)
  from space 512K, 0% used [0x00000000d6d80000,0x00000000d6d80000,0x00000000d6e00000)
  to   space 512K, 0% used [0x00000000d6e00000,0x00000000d6e00000,0x00000000d6e80000)
 ParOldGen       total 1266688K, used 1266467K [0x0000000080000000, 0x00000000cd500000, 0x00000000d5580000)
  object space 1266688K, 99% used [0x0000000080000000,0x00000000cd4c8ea0,0x00000000cd500000)
 Metaspace       used 114637K, committed 116544K, reserved 1179648K
  class space    used 11224K, committed 12160K, reserved 1048576K
}
Event: 966815.249 GC heap after
{Heap after GC invocations=21974 (full 31):
 PSYoungGen      total 14848K, used 160K [0x00000000d5580000, 0x00000000d6e80000, 0x0000000100000000)
  eden space 14336K, 0% used [0x00000000d5580000,0x00000000d5580000,0x00000000d6380000)
  from space 512K, 31% used [0x00000000d6e00000,0x00000000d6e28000,0x00000000d6e80000)
  to   space 512K, 0% used [0x00000000d6d80000,0x00000000d6d80000,0x00000000d6e00000)
 ParOldGen       total 1266688K, used 1266467K [0x0000000080000000, 0x00000000cd500000, 0x00000000d5580000)
  object space 1266688K, 99% used [0x0000000080000000,0x00000000cd4c8ea0,0x00000000cd500000)
 Metaspace       used 114637K, committed 116544K, reserved 1179648K
  class space    used 11224K, committed 12160K, reserved 1048576K
}
Event: 967565.205 GC heap before
{Heap before GC invocations=21975 (full 31):
 PSYoungGen      total 14848K, used 13922K [0x00000000d5580000, 0x00000000d6e80000, 0x0000000100000000)
  eden space 14336K, 95% used [0x00000000d5580000,0x00000000d62f09c0,0x00000000d6380000)
  from space 512K, 31% used [0x00000000d6e00000,0x00000000d6e28000,0x00000000d6e80000)
  to   space 512K, 0% used [0x00000000d6d80000,0x00000000d6d80000,0x00000000d6e00000)
 ParOldGen       total 1266688K, used 1266467K [0x0000000080000000, 0x00000000cd500000, 0x00000000d5580000)
  object space 1266688K, 99% used [0x0000000080000000,0x00000000cd4c8ea0,0x00000000cd500000)
 Metaspace       used 114637K, committed 116544K, reserved 1179648K
  class space    used 11224K, committed 12160K, reserved 1048576K
}
Event: 967565.979 GC heap after
{Heap after GC invocations=21975 (full 31):
 PSYoungGen      total 14848K, used 192K [0x00000000d5580000, 0x00000000d6e80000, 0x0000000100000000)
  eden space 14336K, 0% used [0x00000000d5580000,0x00000000d5580000,0x00000000d6380000)
  from space 512K, 37% used [0x00000000d6d80000,0x00000000d6db0000,0x00000000d6e00000)
  to   space 512K, 0% used [0x00000000d6e00000,0x00000000d6e00000,0x00000000d6e80000)
 ParOldGen       total 1266688K, used 1266475K [0x0000000080000000, 0x00000000cd500000, 0x00000000d5580000)
  object space 1266688K, 99% used [0x0000000080000000,0x00000000cd4caea0,0x00000000cd500000)
 Metaspace       used 114637K, committed 116544K, reserved 1179648K
  class space    used 11224K, committed 12160K, reserved 1048576K
}
Event: 1081455.326 GC heap before
{Heap before GC invocations=21976 (full 31):
 PSYoungGen      total 14848K, used 14528K [0x00000000d5580000, 0x00000000d6e80000, 0x0000000100000000)
  eden space 14336K, 100% used [0x00000000d5580000,0x00000000d6380000,0x00000000d6380000)
  from space 512K, 37% used [0x00000000d6d80000,0x00000000d6db0000,0x00000000d6e00000)
  to   space 512K, 0% used [0x00000000d6e00000,0x00000000d6e00000,0x00000000d6e80000)
 ParOldGen       total 1266688K, used 1266475K [0x0000000080000000, 0x00000000cd500000, 0x00000000d5580000)
  object space 1266688K, 99% used [0x0000000080000000,0x00000000cd4caea0,0x00000000cd500000)
 Metaspace       used 114637K, committed 116544K, reserved 1179648K
  class space    used 11224K, committed 12160K, reserved 1048576K
}
Event: 1081455.369 GC heap after
{Heap after GC invocations=21976 (full 31):
 PSYoungGen      total 14848K, used 347K [0x00000000d5580000, 0x00000000d6e80000, 0x0000000100000000)
  eden space 14336K, 0% used [0x00000000d5580000,0x00000000d5580000,0x00000000d6380000)
  from space 512K, 67% used [0x00000000d6e00000,0x00000000d6e56fd0,0x00000000d6e80000)
  to   space 512K, 0% used [0x00000000d6d80000,0x00000000d6d80000,0x00000000d6e00000)
 ParOldGen       total 1266688K, used 1266491K [0x0000000080000000, 0x00000000cd500000, 0x00000000d5580000)
  object space 1266688K, 99% used [0x0000000080000000,0x00000000cd4ceea0,0x00000000cd500000)
 Metaspace       used 114637K, committed 116544K, reserved 1179648K
  class space    used 11224K, committed 12160K, reserved 1048576K
}
Event: 1081455.492 GC heap before
{Heap before GC invocations=21977 (full 31):
 PSYoungGen      total 14848K, used 14683K [0x00000000d5580000, 0x00000000d6e80000, 0x0000000100000000)
  eden space 14336K, 100% used [0x00000000d5580000,0x00000000d6380000,0x00000000d6380000)
  from space 512K, 67% used [0x00000000d6e00000,0x00000000d6e56fd0,0x00000000d6e80000)
  to   space 512K, 0% used [0x00000000d6d80000,0x00000000d6d80000,0x00000000d6e00000)
 ParOldGen       total 1266688K, used 1266491K [0x0000000080000000, 0x00000000cd500000, 0x00000000d5580000)
  object space 1266688K, 99% used [0x0000000080000000,0x00000000cd4ceea0,0x00000000cd500000)
 Metaspace       used 114637K, committed 116544K, reserved 1179648K
  class space    used 11224K, committed 12160K, reserved 1048576K
}
Event: 1081455.498 GC heap after
{Heap after GC invocations=21977 (full 31):
 PSYoungGen      total 14848K, used 32K [0x00000000d5580000, 0x00000000d6e80000, 0x0000000100000000)
  eden space 14336K, 0% used [0x00000000d5580000,0x00000000d5580000,0x00000000d6380000)
  from space 512K, 6% used [0x00000000d6d80000,0x00000000d6d88000,0x00000000d6e00000)
  to   space 512K, 0% used [0x00000000d6e00000,0x00000000d6e00000,0x00000000d6e80000)
 ParOldGen       total 1267200K, used 1266703K [0x0000000080000000, 0x00000000cd580000, 0x00000000d5580000)
  object space 1267200K, 99% used [0x0000000080000000,0x00000000cd503e70,0x00000000cd580000)
 Metaspace       used 114637K, committed 116544K, reserved 1179648K
  class space    used 11224K, committed 12160K, reserved 1048576K
}
Event: 1081455.669 GC heap before
{Heap before GC invocations=21978 (full 31):
 PSYoungGen      total 14848K, used 14368K [0x00000000d5580000, 0x00000000d6e80000, 0x0000000100000000)
  eden space 14336K, 100% used [0x00000000d5580000,0x00000000d6380000,0x00000000d6380000)
  from space 512K, 6% used [0x00000000d6d80000,0x00000000d6d88000,0x00000000d6e00000)
  to   space 512K, 0% used [0x00000000d6e00000,0x00000000d6e00000,0x00000000d6e80000)
 ParOldGen       total 1267200K, used 1266703K [0x0000000080000000, 0x00000000cd580000, 0x00000000d5580000)
  object space 1267200K, 99% used [0x0000000080000000,0x00000000cd503e70,0x00000000cd580000)
 Metaspace       used 114637K, committed 116544K, reserved 1179648K
  class space    used 11224K, committed 12160K, reserved 1048576K
}
Event: 1081455.674 GC heap after
{Heap after GC invocations=21978 (full 31):
 PSYoungGen      total 14848K, used 32K [0x00000000d5580000, 0x00000000d6e80000, 0x0000000100000000)
  eden space 14336K, 0% used [0x00000000d5580000,0x00000000d5580000,0x00000000d6380000)
  from space 512K, 6% used [0x00000000d6e00000,0x00000000d6e08000,0x00000000d6e80000)
  to   space 512K, 0% used [0x00000000d6d80000,0x00000000d6d80000,0x00000000d6e00000)
 ParOldGen       total 1267200K, used 1266703K [0x0000000080000000, 0x00000000cd580000, 0x00000000d5580000)
  object space 1267200K, 99% used [0x0000000080000000,0x00000000cd503e70,0x00000000cd580000)
 Metaspace       used 114637K, committed 116544K, reserved 1179648K
  class space    used 11224K, committed 12160K, reserved 1048576K
}
Event: 1081602.090 GC heap before
{Heap before GC invocations=21979 (full 31):
 PSYoungGen      total 14848K, used 13823K [0x00000000d5580000, 0x00000000d6e80000, 0x0000000100000000)
  eden space 14336K, 96% used [0x00000000d5580000,0x00000000d62f7ee8,0x00000000d6380000)
  from space 512K, 6% used [0x00000000d6e00000,0x00000000d6e08000,0x00000000d6e80000)
  to   space 512K, 0% used [0x00000000d6d80000,0x00000000d6d80000,0x00000000d6e00000)
 ParOldGen       total 1267200K, used 1266703K [0x0000000080000000, 0x00000000cd580000, 0x00000000d5580000)
  object space 1267200K, 99% used [0x0000000080000000,0x00000000cd503e70,0x00000000cd580000)
 Metaspace       used 114637K, committed 116544K, reserved 1179648K
  class space    used 11224K, committed 12160K, reserved 1048576K
}
Event: 1081602.279 GC heap after
{Heap after GC invocations=21979 (full 31):
 PSYoungGen      total 14848K, used 224K [0x00000000d5580000, 0x00000000d6e80000, 0x0000000100000000)
  eden space 14336K, 0% used [0x00000000d5580000,0x00000000d5580000,0x00000000d6380000)
  from space 512K, 43% used [0x00000000d6d80000,0x00000000d6db8000,0x00000000d6e00000)
  to   space 512K, 0% used [0x00000000d6e00000,0x00000000d6e00000,0x00000000d6e80000)
 ParOldGen       total 1267200K, used 1266703K [0x0000000080000000, 0x00000000cd580000, 0x00000000d5580000)
  object space 1267200K, 99% used [0x0000000080000000,0x00000000cd503e70,0x00000000cd580000)
 Metaspace       used 114637K, committed 116544K, reserved 1179648K
  class space    used 11224K, committed 12160K, reserved 1048576K
}

