# JRE version: OpenJDK Runtime Environment Temurin-21.0.10+7 (21.0.10+7) (build 21.0.10+7-LTS)
# Java VM: OpenJDK 64-Bit Server VM Temurin-21.0.10+7 (21.0.10+7-LTS, mixed mode, sharing, tiered, compressed oops, compressed class ptrs, parallel gc, windows-amd64)
GC Precious Log:
 CardTable entry size: 512
 CPUs: 8 total, 8 available
 Memory: 8051M
 Large Page Support: Disabled
 NUMA Support: Disabled
 Compressed Oops: Enabled (32-bit)
 Alignments: Space 512K, Generation 512K, Heap 2M
 Heap Min Capacity: 100M
 Heap Initial Capacity: 100M
 Heap Max Capacity: 2G
 Pre-touch: Disabled
 Parallel Workers: 8
Heap:
 PSYoungGen      total 5120K, used 3646K [0x00000000d5580000, 0x00000000d5f00000, 0x0000000100000000)
  eden space 4608K, 74% used [0x00000000d5580000,0x00000000d58df960,0x00000000d5a00000)
  from space 512K, 37% used [0x00000000d5e00000,0x00000000d5e30000,0x00000000d5e80000)
  to   space 512K, 0% used [0x00000000d5e80000,0x00000000d5e80000,0x00000000d5f00000)
 ParOldGen       total 205824K, used 205348K [0x0000000080000000, 0x000000008c900000, 0x00000000d5580000)
  object space 205824K, 99% used [0x0000000080000000,0x000000008c889028,0x000000008c900000)
 Metaspace       used 100352K, committed 102080K, reserved 1179648K
  class space    used 10148K, committed 10944K, reserved 1048576K
GC Heap History (20 events):
Event: 76341.596 GC heap before
{Heap before GC invocations=3410 (full 8):
 PSYoungGen      total 6144K, used 5344K [0x00000000d5580000, 0x00000000d6000000, 0x0000000100000000)
  eden space 4608K, 100% used [0x00000000d5580000,0x00000000d5a00000,0x00000000d5a00000)
  from space 1536K, 47% used [0x00000000d5d00000,0x00000000d5db8000,0x00000000d5e80000)
  to   space 1024K, 0% used [0x00000000d5f00000,0x00000000d5f00000,0x00000000d6000000)
 ParOldGen       total 201216K, used 200885K [0x0000000080000000, 0x000000008c480000, 0x00000000d5580000)
  object space 201216K, 99% used [0x0000000080000000,0x000000008c42d6c8,0x000000008c480000)
 Metaspace       used 100220K, committed 101952K, reserved 1179648K
  class space    used 10130K, committed 10944K, reserved 1048576K
}
Event: 76341.600 GC heap after
{Heap after GC invocations=3410 (full 8):
 PSYoungGen      total 5632K, used 704K [0x00000000d5580000, 0x00000000d6000000, 0x0000000100000000)
  eden space 4608K, 0% used [0x00000000d5580000,0x00000000d5580000,0x00000000d5a00000)
  from space 1024K, 68% used [0x00000000d5f00000,0x00000000d5fb0000,0x00000000d6000000)
  to   space 1024K, 0% used [0x00000000d5e00000,0x00000000d5e00000,0x00000000d5f00000)
 ParOldGen       total 201728K, used 201504K [0x0000000080000000, 0x000000008c500000, 0x00000000d5580000)
  object space 201728K, 99% used [0x0000000080000000,0x000000008c4c8148,0x000000008c500000)
 Metaspace       used 100220K, committed 101952K, reserved 1179648K
  class space    used 10130K, committed 10944K, reserved 1048576K
}
Event: 76341.632 GC heap before
{Heap before GC invocations=3411 (full 8):
 PSYoungGen      total 5632K, used 5312K [0x00000000d5580000, 0x00000000d6000000, 0x0000000100000000)
  eden space 4608K, 100% used [0x00000000d5580000,0x00000000d5a00000,0x00000000d5a00000)
  from space 1024K, 68% used [0x00000000d5f00000,0x00000000d5fb0000,0x00000000d6000000)
  to   space 1024K, 0% used [0x00000000d5e00000,0x00000000d5e00000,0x00000000d5f00000)
 ParOldGen       total 201728K, used 201504K [0x0000000080000000, 0x000000008c500000, 0x00000000d5580000)
  object space 201728K, 99% used [0x0000000080000000,0x000000008c4c8148,0x000000008c500000)
 Metaspace       used 100220K, committed 101952K, reserved 1179648K
  class space    used 10130K, committed 10944K, reserved 1048576K
}
Event: 76341.635 GC heap after
{Heap after GC invocations=3411 (full 8):
 PSYoungGen      total 5632K, used 978K [0x00000000d5580000, 0x00000000d5f80000, 0x0000000100000000)
  eden space 4608K, 0% used [0x00000000d5580000,0x00000000d5580000,0x00000000d5a00000)
  from space 1024K, 95% used [0x00000000d5e00000,0x00000000d5ef4ac0,0x00000000d5f00000)
  to   space 512K, 0% used [0x00000000d5f00000,0x00000000d5f00000,0x00000000d5f80000)
 ParOldGen       total 202240K, used 201976K [0x0000000080000000, 0x000000008c580000, 0x00000000d5580000)
  object space 202240K, 99% used [0x0000000080000000,0x000000008c53e168,0x000000008c580000)
 Metaspace       used 100220K, committed 101952K, reserved 1179648K
  class space    used 10130K, committed 10944K, reserved 1048576K
}
Event: 76341.655 GC heap before
{Heap before GC invocations=3412 (full 8):
 PSYoungGen      total 5632K, used 5586K [0x00000000d5580000, 0x00000000d5f80000, 0x0000000100000000)
  eden space 4608K, 100% used [0x00000000d5580000,0x00000000d5a00000,0x00000000d5a00000)
  from space 1024K, 95% used [0x00000000d5e00000,0x00000000d5ef4ac0,0x00000000d5f00000)
  to   space 512K, 0% used [0x00000000d5f00000,0x00000000d5f00000,0x00000000d5f80000)
 ParOldGen       total 202240K, used 201976K [0x0000000080000000, 0x000000008c580000, 0x00000000d5580000)
  object space 202240K, 99% used [0x0000000080000000,0x000000008c53e168,0x000000008c580000)
 Metaspace       used 100220K, committed 101952K, reserved 1179648K
  class space    used 10130K, committed 10944K, reserved 1048576K
}
Event: 76341.658 GC heap after
{Heap after GC invocations=3412 (full 8):
 PSYoungGen      total 5120K, used 512K [0x00000000d5580000, 0x00000000d5f80000, 0x0000000100000000)
  eden space 4608K, 0% used [0x00000000d5580000,0x00000000d5580000,0x00000000d5a00000)
  from space 512K, 100% used [0x00000000d5f00000,0x00000000d5f80000,0x00000000d5f80000)
  to   space 2048K, 0% used [0x00000000d5b80000,0x00000000d5b80000,0x00000000d5d80000)
 ParOldGen       total 203264K, used 202934K [0x0000000080000000, 0x000000008c680000, 0x00000000d5580000)
  object space 203264K, 99% used [0x0000000080000000,0x000000008c62d888,0x000000008c680000)
 Metaspace       used 100220K, committed 101952K, reserved 1179648K
  class space    used 10130K, committed 10944K, reserved 1048576K
}
Event: 76341.692 GC heap before
{Heap before GC invocations=3413 (full 8):
 PSYoungGen      total 5120K, used 5120K [0x00000000d5580000, 0x00000000d5f80000, 0x0000000100000000)
  eden space 4608K, 100% used [0x00000000d5580000,0x00000000d5a00000,0x00000000d5a00000)
  from space 512K, 100% used [0x00000000d5f00000,0x00000000d5f80000,0x00000000d5f80000)
  to   space 2048K, 0% used [0x00000000d5b80000,0x00000000d5b80000,0x00000000d5d80000)
 ParOldGen       total 203264K, used 202934K [0x0000000080000000, 0x000000008c680000, 0x00000000d5580000)
  object space 203264K, 99% used [0x0000000080000000,0x000000008c62d888,0x000000008c680000)
 Metaspace       used 100220K, committed 101952K, reserved 1179648K
  class space    used 10130K, committed 10944K, reserved 1048576K
}
Event: 76341.696 GC heap after
{Heap after GC invocations=3413 (full 8):
 PSYoungGen      total 6656K, used 576K [0x00000000d5580000, 0x00000000d5f80000, 0x0000000100000000)
  eden space 4608K, 0% used [0x00000000d5580000,0x00000000d5580000,0x00000000d5a00000)
  from space 2048K, 28% used [0x00000000d5b80000,0x00000000d5c10000,0x00000000d5d80000)
  to   space 1024K, 0% used [0x00000000d5e80000,0x00000000d5e80000,0x00000000d5f80000)
 ParOldGen       total 203776K, used 203398K [0x0000000080000000, 0x000000008c700000, 0x00000000d5580000)
  object space 203776K, 99% used [0x0000000080000000,0x000000008c6a1888,0x000000008c700000)
 Metaspace       used 100220K, committed 101952K, reserved 1179648K
  class space    used 10130K, committed 10944K, reserved 1048576K
}
Event: 76341.740 GC heap before
{Heap before GC invocations=3414 (full 8):
 PSYoungGen      total 6656K, used 5184K [0x00000000d5580000, 0x00000000d5f80000, 0x0000000100000000)
  eden space 4608K, 100% used [0x00000000d5580000,0x00000000d5a00000,0x00000000d5a00000)
  from space 2048K, 28% used [0x00000000d5b80000,0x00000000d5c10000,0x00000000d5d80000)
  to   space 1024K, 0% used [0x00000000d5e80000,0x00000000d5e80000,0x00000000d5f80000)
 ParOldGen       total 203776K, used 203398K [0x0000000080000000, 0x000000008c700000, 0x00000000d5580000)
  object space 203776K, 99% used [0x0000000080000000,0x000000008c6a1888,0x000000008c700000)
 Metaspace       used 100220K, committed 101952K, reserved 1179648K
  class space    used 10130K, committed 10944K, reserved 1048576K
}
Event: 76341.745 GC heap after
{Heap after GC invocations=3414 (full 8):
 PSYoungGen      total 5632K, used 832K [0x00000000d5580000, 0x00000000d5f80000, 0x0000000100000000)
  eden space 4608K, 0% used [0x00000000d5580000,0x00000000d5580000,0x00000000d5a00000)
  from space 1024K, 81% used [0x00000000d5e80000,0x00000000d5f50000,0x00000000d5f80000)
  to   space 1024K, 0% used [0x00000000d5d80000,0x00000000d5d80000,0x00000000d5e80000)
 ParOldGen       total 204288K, used 203840K [0x0000000080000000, 0x000000008c780000, 0x00000000d5580000)
  object space 204288K, 99% used [0x0000000080000000,0x000000008c710328,0x000000008c780000)
 Metaspace       used 100220K, committed 101952K, reserved 1179648K
  class space    used 10130K, committed 10944K, reserved 1048576K
}
Event: 76342.103 GC heap before
{Heap before GC invocations=3415 (full 8):
 PSYoungGen      total 5632K, used 5440K [0x00000000d5580000, 0x00000000d5f80000, 0x0000000100000000)
  eden space 4608K, 100% used [0x00000000d5580000,0x00000000d5a00000,0x00000000d5a00000)
  from space 1024K, 81% used [0x00000000d5e80000,0x00000000d5f50000,0x00000000d5f80000)
  to   space 1024K, 0% used [0x00000000d5d80000,0x00000000d5d80000,0x00000000d5e80000)
 ParOldGen       total 204288K, used 203840K [0x0000000080000000, 0x000000008c780000, 0x00000000d5580000)
  object space 204288K, 99% used [0x0000000080000000,0x000000008c710328,0x000000008c780000)
 Metaspace       used 100221K, committed 101952K, reserved 1179648K
  class space    used 10130K, committed 10944K, reserved 1048576K
}
Event: 76342.109 GC heap after
{Heap after GC invocations=3415 (full 8):
 PSYoungGen      total 5632K, used 647K [0x00000000d5580000, 0x00000000d5f00000, 0x0000000100000000)
  eden space 4608K, 0% used [0x00000000d5580000,0x00000000d5580000,0x00000000d5a00000)
  from space 1024K, 63% used [0x00000000d5d80000,0x00000000d5e21de0,0x00000000d5e80000)
  to   space 512K, 0% used [0x00000000d5e80000,0x00000000d5e80000,0x00000000d5f00000)
 ParOldGen       total 204800K, used 204432K [0x0000000080000000, 0x000000008c800000, 0x00000000d5580000)
  object space 204800K, 99% used [0x0000000080000000,0x000000008c7a4328,0x000000008c800000)
 Metaspace       used 100221K, committed 101952K, reserved 1179648K
  class space    used 10130K, committed 10944K, reserved 1048576K
}
Event: 77369.826 GC heap before
{Heap before GC invocations=3416 (full 8):
 PSYoungGen      total 5632K, used 5255K [0x00000000d5580000, 0x00000000d5f00000, 0x0000000100000000)
  eden space 4608K, 99% used [0x00000000d5580000,0x00000000d59fffd0,0x00000000d5a00000)
  from space 1024K, 63% used [0x00000000d5d80000,0x00000000d5e21de0,0x00000000d5e80000)
  to   space 512K, 0% used [0x00000000d5e80000,0x00000000d5e80000,0x00000000d5f00000)
 ParOldGen       total 204800K, used 204432K [0x0000000080000000, 0x000000008c800000, 0x00000000d5580000)
  object space 204800K, 99% used [0x0000000080000000,0x000000008c7a4328,0x000000008c800000)
 Metaspace       used 100347K, committed 102080K, reserved 1179648K
  class space    used 10148K, committed 10944K, reserved 1048576K
}
Event: 77369.931 GC heap after
{Heap after GC invocations=3416 (full 8):
 PSYoungGen      total 5120K, used 480K [0x00000000d5580000, 0x00000000d5f00000, 0x0000000100000000)
  eden space 4608K, 0% used [0x00000000d5580000,0x00000000d5580000,0x00000000d5a00000)
  from space 512K, 93% used [0x00000000d5e80000,0x00000000d5ef8000,0x00000000d5f00000)
  to   space 1024K, 0% used [0x00000000d5d00000,0x00000000d5d00000,0x00000000d5e00000)
 ParOldGen       total 205312K, used 204972K [0x0000000080000000, 0x000000008c880000, 0x00000000d5580000)
  object space 205312K, 99% used [0x0000000080000000,0x000000008c82b018,0x000000008c880000)
 Metaspace       used 100347K, committed 102080K, reserved 1179648K
  class space    used 10148K, committed 10944K, reserved 1048576K
}
Event: 85839.832 GC heap before
{Heap before GC invocations=3417 (full 8):
 PSYoungGen      total 5120K, used 5087K [0x00000000d5580000, 0x00000000d5f00000, 0x0000000100000000)
  eden space 4608K, 99% used [0x00000000d5580000,0x00000000d59fffd0,0x00000000d5a00000)
  from space 512K, 93% used [0x00000000d5e80000,0x00000000d5ef8000,0x00000000d5f00000)
  to   space 1024K, 0% used [0x00000000d5d00000,0x00000000d5d00000,0x00000000d5e00000)
 ParOldGen       total 205312K, used 204972K [0x0000000080000000, 0x000000008c880000, 0x00000000d5580000)
  object space 205312K, 99% used [0x0000000080000000,0x000000008c82b018,0x000000008c880000)
 Metaspace       used 100348K, committed 102080K, reserved 1179648K
  class space    used 10148K, committed 10944K, reserved 1048576K
}
Event: 85840.008 GC heap after
{Heap after GC invocations=3417 (full 8):
 PSYoungGen      total 5632K, used 160K [0x00000000d5580000, 0x00000000d5f00000, 0x0000000100000000)
  eden space 4608K, 0% used [0x00000000d5580000,0x00000000d5580000,0x00000000d5a00000)
  from space 1024K, 15% used [0x00000000d5d00000,0x00000000d5d28000,0x00000000d5e00000)
  to   space 512K, 0% used [0x00000000d5e80000,0x00000000d5e80000,0x00000000d5f00000)
 ParOldGen       total 205312K, used 205308K [0x0000000080000000, 0x000000008c880000, 0x00000000d5580000)
  object space 205312K, 99% used [0x0000000080000000,0x000000008c87f028,0x000000008c880000)
 Metaspace       used 100348K, committed 102080K, reserved 1179648K
  class space    used 10148K, committed 10944K, reserved 1048576K
}
Event: 106718.771 GC heap before
{Heap before GC invocations=3418 (full 8):
 PSYoungGen      total 5632K, used 4768K [0x00000000d5580000, 0x00000000d5f00000, 0x0000000100000000)
  eden space 4608K, 100% used [0x00000000d5580000,0x00000000d5a00000,0x00000000d5a00000)
  from space 1024K, 15% used [0x00000000d5d00000,0x00000000d5d28000,0x00000000d5e00000)
  to   space 512K, 0% used [0x00000000d5e80000,0x00000000d5e80000,0x00000000d5f00000)
 ParOldGen       total 205312K, used 205308K [0x0000000080000000, 0x000000008c880000, 0x00000000d5580000)
  object space 205312K, 99% used [0x0000000080000000,0x000000008c87f028,0x000000008c880000)
 Metaspace       used 100348K, committed 102080K, reserved 1179648K
  class space    used 10148K, committed 10944K, reserved 1048576K
}
Event: 106718.776 GC heap after
{Heap after GC invocations=3418 (full 8):
 PSYoungGen      total 5120K, used 128K [0x00000000d5580000, 0x00000000d5f00000, 0x0000000100000000)
  eden space 4608K, 0% used [0x00000000d5580000,0x00000000d5580000,0x00000000d5a00000)
  from space 512K, 25% used [0x00000000d5e80000,0x00000000d5ea0000,0x00000000d5f00000)
  to   space 512K, 0% used [0x00000000d5e00000,0x00000000d5e00000,0x00000000d5e80000)
 ParOldGen       total 205824K, used 205348K [0x0000000080000000, 0x000000008c900000, 0x00000000d5580000)
  object space 205824K, 99% used [0x0000000080000000,0x000000008c889028,0x000000008c900000)
 Metaspace       used 100348K, committed 102080K, reserved 1179648K
  class space    used 10148K, committed 10944K, reserved 1048576K
}
Event: 108473.563 GC heap before
{Heap before GC invocations=3419 (full 8):
 PSYoungGen      total 5120K, used 4736K [0x00000000d5580000, 0x00000000d5f00000, 0x0000000100000000)
  eden space 4608K, 100% used [0x00000000d5580000,0x00000000d5a00000,0x00000000d5a00000)
  from space 512K, 25% used [0x00000000d5e80000,0x00000000d5ea0000,0x00000000d5f00000)
  to   space 512K, 0% used [0x00000000d5e00000,0x00000000d5e00000,0x00000000d5e80000)
 ParOldGen       total 205824K, used 205348K [0x0000000080000000, 0x000000008c900000, 0x00000000d5580000)
  object space 205824K, 99% used [0x0000000080000000,0x000000008c889028,0x000000008c900000)
 Metaspace       used 100350K, committed 102080K, reserved 1179648K
  class space    used 10148K, committed 10944K, reserved 1048576K
}
Event: 108473.759 GC heap after
{Heap after GC invocations=3419 (full 8):
 PSYoungGen      total 5120K, used 192K [0x00000000d5580000, 0x00000000d5f00000, 0x0000000100000000)
  eden space 4608K, 0% used [0x00000000d5580000,0x00000000d5580000,0x00000000d5a00000)
  from space 512K, 37% used [0x00000000d5e00000,0x00000000d5e30000,0x00000000d5e80000)
  to   space 512K, 0% used [0x00000000d5e80000,0x00000000d5e80000,0x00000000d5f00000)
 ParOldGen       total 205824K, used 205348K [0x0000000080000000, 0x000000008c900000, 0x00000000d5580000)
  object space 205824K, 99% used [0x0000000080000000,0x000000008c889028,0x000000008c900000)
 Metaspace       used 100350K, committed 102080K, reserved 1179648K
  class space    used 10148K, committed 10944K, reserved 1048576K
}

